Log file open, 03/23/17 09:09:59
LogInit:Display: Running engine for game: MyProject
LogPlatformFile: Not using cached read wrapper
LogInit:Display: RandInit(1982515825) SRandInit(1982515825).
LogTaskGraph: Started task graph with 5 named threads and 8 total threads with 1 sets of task threads.
LogStats: Stats thread started at 0.110071
LogInit: Using libcurl 7.47.1
LogInit:  - built for x86_64-pc-win32
LogInit:  - supports SSL with OpenSSL/1.0.2g
LogInit:  - supports HTTP deflate (compression) using libz 1.2.8
LogInit:  - other features:
LogInit:      CURL_VERSION_SSL
LogInit:      CURL_VERSION_LIBZ
LogInit:      CURL_VERSION_IPV6
LogInit:      CURL_VERSION_ASYNCHDNS
LogInit:      CURL_VERSION_LARGEFILE
LogInit:      CURL_VERSION_IDN
LogInit:  CurlRequestOptions (configurable via config and command line):
LogInit:  - bVerifyPeer = false  - Libcurl will NOT verify peer certificate
LogInit:  - bUseHttpProxy = false  - Libcurl will NOT use HTTP proxy
LogInit:  - bDontReuseConnections = false  - Libcurl will reuse connections
LogInit:  - CertBundlePath = nullptr  - Libcurl will use whatever was configured at build time.
LogInit: Build: ++UE4+Release-4.15-CL-3299760
LogInit: Engine Version: 4.15.0-3299760+++UE4+Release-4.15
LogInit: Compatible Engine Version: 4.15.0-3299760+++UE4+Release-4.15
LogInit: Net CL: 3299760
LogDevObjectVersion: Number of dev versions registered: 14
LogDevObjectVersion:   Dev-Blueprints (B0D832E4-1F89-4F0D-ACCF-7EB736FD4AA2): 8
LogDevObjectVersion:   Dev-Build (E1C64328-A22C-4D53-A36C-8E866417BD8C): 0
LogDevObjectVersion:   Dev-Core (375EC13C-06E4-48FB-B500-84F0262A717E): 2
LogDevObjectVersion:   Dev-Editor (E4B068ED-F494-42E9-A231-DA0B2E46BB41): 14
LogDevObjectVersion:   Dev-Framework (CFFC743F-43B0-4480-9391-14DF171D2073): 22
LogDevObjectVersion:   Dev-Mobile (B02B49B5-BB20-44E9-A304-32B752E40360): 0
LogDevObjectVersion:   Dev-Networking (A4E4105C-59A1-49B5-A7C5-40C4547EDFEE): 0
LogDevObjectVersion:   Dev-Online (39C831C9-5AE6-47DC-9A44-9C173E1C8E7C): 0
LogDevObjectVersion:   Dev-Physics (78F01B33-EBEA-4F98-B9B4-84EACCB95AA2): 0
LogDevObjectVersion:   Dev-Platform (6631380F-2D4D-43E0-8009-CF276956A95A): 0
LogDevObjectVersion:   Dev-Rendering (12F88B9F-8875-4AFC-A67C-D90C383ABD29): 12
LogDevObjectVersion:   Dev-Sequencer (7B5AE74C-D270-4C10-A958-57980B212A5A): 3
LogDevObjectVersion:   Dev-VR (D7296918-1DD6-4BDD-9DE2-64A83CC13884): 0
LogDevObjectVersion:   Dev-LoadTimes (C2A15278-BFE7-4AFE-6C17-90FF531DF755): 1
LogInit: Compiled (64-bit): Feb 14 2017 02:04:14
LogInit: Compiled with Visual C++: 19.00.23026.00
LogInit: Build Configuration: Development
LogInit: Branch Name: ++UE4+Release-4.15
LogInit: Command line:  
LogInit: Base directory: C:/Program Files/Epic Games/UE_4.15/Engine/Binaries/Win64/
LogInit: Installed Engine Build: 1
LogInit: Presizing for max 8388607 objects, including 0 objects not considered by GC, pre-allocating 0 bytes for permanent pool.
LogInit: Object subsystem initialized
[2017.03.23-08.10.00:294][  0]LogInit: Selected Device Profile: [Windows]
[2017.03.23-08.10.00:294][  0]LogInit: Applying CVar settings loaded from the selected device profile: [Windows]
[2017.03.23-08.10.00:306][  0]LogInit: Computer: JULLES
[2017.03.23-08.10.00:306][  0]LogInit: User: Julius
[2017.03.23-08.10.00:306][  0]LogInit: CPU Page size=65536, Cores=4
[2017.03.23-08.10.00:306][  0]LogInit: High frequency timer resolution =2.533207 MHz
[2017.03.23-08.10.00:306][  0]LogMemory: Memory total: Physical=7.9GB (8GB approx)
[2017.03.23-08.10.00:306][  0]LogMemory: Platform Memory Stats for Windows
[2017.03.23-08.10.00:306][  0]LogMemory: Process Physical Memory: 263.23 MB used, 263.23 MB peak
[2017.03.23-08.10.00:306][  0]LogMemory: Process Virtual Memory: 262.52 MB used, 262.52 MB peak
[2017.03.23-08.10.00:306][  0]LogMemory: Physical Memory: 4105.73 MB used,  3975.30 MB free, 8081.04 MB total
[2017.03.23-08.10.00:306][  0]LogMemory: Virtual Memory: 644.00 MB used,  3975.30 MB free, 134217728.00 MB total
[2017.03.23-08.10.00:414][  0]LogTextLocalizationManager: No translations for ('sv-SE') exist, falling back to 'en' for localization and internationalization data.
[2017.03.23-08.10.01:127][  0]LogD3D11RHI: D3D11 adapters:
[2017.03.23-08.10.01:155][  0]LogD3D11RHI:    0. 'NVIDIA GeForce GTX 960M' (Feature Level 11_0)
[2017.03.23-08.10.01:155][  0]LogD3D11RHI:       2018/0/4040 MB DedicatedVideo/DedicatedSystem/SharedSystem, Outputs:1, VendorId:0x10de
[2017.03.23-08.10.01:161][  0]LogD3D11RHI:    1. 'Intel(R) HD Graphics 4600' (Feature Level 11_0)
[2017.03.23-08.10.01:161][  0]LogD3D11RHI:       112/0/2048 MB DedicatedVideo/DedicatedSystem/SharedSystem, Outputs:0, VendorId:0x8086
[2017.03.23-08.10.01:163][  0]LogD3D11RHI:    2. 'Microsoft Basic Render Driver' (Feature Level 11_0)
[2017.03.23-08.10.01:163][  0]LogD3D11RHI:       0/0/4040 MB DedicatedVideo/DedicatedSystem/SharedSystem, Outputs:0, VendorId:0x1414
[2017.03.23-08.10.01:163][  0]LogD3D11RHI: Chosen D3D11 Adapter: 0
[2017.03.23-08.10.01:168][  0]LogD3D11RHI: Creating new Direct3DDevice
[2017.03.23-08.10.01:168][  0]LogD3D11RHI:     GPU DeviceId: 0x139b (for the marketing name, search the web for "GPU Device Id")
[2017.03.23-08.10.01:168][  0]LogWindows: EnumDisplayDevices:
[2017.03.23-08.10.01:168][  0]LogWindows:    0. 'Intel(R) HD Graphics 4600' (P:1 D:1)
[2017.03.23-08.10.01:168][  0]LogWindows:    1. 'Intel(R) HD Graphics 4600' (P:0 D:0)
[2017.03.23-08.10.01:168][  0]LogWindows:    2. 'Intel(R) HD Graphics 4600' (P:0 D:0)
[2017.03.23-08.10.01:168][  0]LogWindows: DebugString: PrimaryIsNotTheChoosenAdapter PrimaryIsNotTheChoosenAdapter PrimaryIsNotTheChoosenAdapter FoundDriverCount:0 
[2017.03.23-08.10.01:168][  0]LogD3D11RHI:     Adapter Name: NVIDIA GeForce GTX 960M
[2017.03.23-08.10.01:168][  0]LogD3D11RHI:   Driver Version: Unknown (internal:Unknown, unified:Unknown)
[2017.03.23-08.10.01:168][  0]LogD3D11RHI:      Driver Date: Unknown
[2017.03.23-08.10.01:168][  0]LogRHI: Texture pool is 1361 MB (70% of 1945 MB)
[2017.03.23-08.10.01:180][  0]LogD3D11RHI: Async texture creation enabled
[2017.03.23-08.10.01:191][  0]LogD3D11RHI: GPU Timing Frequency: 1000.000000 (Debug: 2 1)
[2017.03.23-08.10.01:191][  0]LogShaderCompilers: Guid format shader working directory is 28 characters bigger than the processId version (E:/tnm061/MyProject/Intermediate/Shaders/WorkingDirectory/9688/).
[2017.03.23-08.10.01:192][  0]LogShaderCompilers: Cleaned the shader compiler working directory 'C:/Users/Julius/AppData/Local/Temp/UnrealShaderWorkingDir/EC88859D4FCA7C94BDE4BABCA0B17180/'.
[2017.03.23-08.10.01:192][  0]LogShaderCompilers:Display: Using Local Shader Compiler.
[2017.03.23-08.10.02:297][  0]LogTemp:Display: Loaded TP AllDesktopTargetPlatform
[2017.03.23-08.10.02:359][  0]LogTemp:Display: Loaded TP MacClientTargetPlatform
[2017.03.23-08.10.02:428][  0]LogTemp:Display: Loaded TP MacNoEditorTargetPlatform
[2017.03.23-08.10.02:492][  0]LogTemp:Display: Loaded TP MacServerTargetPlatform
[2017.03.23-08.10.02:556][  0]LogTemp:Display: Loaded TP MacTargetPlatform
[2017.03.23-08.10.02:624][  0]LogTemp:Display: Loaded TP WindowsClientTargetPlatform
[2017.03.23-08.10.02:688][  0]LogTemp:Display: Loaded TP WindowsNoEditorTargetPlatform
[2017.03.23-08.10.02:753][  0]LogTemp:Display: Loaded TP WindowsServerTargetPlatform
[2017.03.23-08.10.02:808][  0]LogTemp:Display: Loaded TP WindowsTargetPlatform
[2017.03.23-08.10.02:871][  0]LogTemp:Display: Loaded TP AndroidTargetPlatform
[2017.03.23-08.10.02:932][  0]LogTemp:Display: Loaded TP Android_ASTCTargetPlatform
[2017.03.23-08.10.02:995][  0]LogTemp:Display: Loaded TP Android_ATCTargetPlatform
[2017.03.23-08.10.03:057][  0]LogTemp:Display: Loaded TP Android_DXTTargetPlatform
[2017.03.23-08.10.03:121][  0]LogTemp:Display: Loaded TP Android_ETC1TargetPlatform
[2017.03.23-08.10.03:183][  0]LogTemp:Display: Loaded TP Android_ETC2TargetPlatform
[2017.03.23-08.10.03:306][  0]LogTemp:Display: Loaded TP Android_MultiTargetPlatform
[2017.03.23-08.10.03:306][  0]LogTemp:Display: Loaded TP Android_PVRTCTargetPlatform
[2017.03.23-08.10.03:353][  0]LogTemp:Display: Loaded TP HTML5TargetPlatform
[2017.03.23-08.10.03:461][  0]LogTemp:Display: Loaded TP IOSTargetPlatform
[2017.03.23-08.10.03:498][  0]LogTemp:Display: Loaded TP TVOSTargetPlatform
[2017.03.23-08.10.03:560][  0]LogTemp:Display: Loaded TP LinuxClientTargetPlatform
[2017.03.23-08.10.03:622][  0]LogTemp:Display: Loaded TP LinuxNoEditorTargetPlatform
[2017.03.23-08.10.03:684][  0]LogTemp:Display: Loaded TP LinuxServerTargetPlatform
[2017.03.23-08.10.03:747][  0]LogTemp:Display: Loaded TP LinuxTargetPlatform
[2017.03.23-08.10.03:747][  0]LogTargetPlatformManager:Display: Building Assets For Windows
[2017.03.23-08.10.04:266][  0]LogDerivedDataCache:Display: Max Cache Size: 512 MB
[2017.03.23-08.10.04:328][  0]LogDerivedDataCache: Loaded boot cache 0.06s 50MB C:/Users/Julius/AppData/Local/UnrealEngine/4.15/DerivedDataCache/Boot.ddc.
[2017.03.23-08.10.04:328][  0]LogDerivedDataCache:Display: Loaded Boot cache: C:/Users/Julius/AppData/Local/UnrealEngine/4.15/DerivedDataCache/Boot.ddc
[2017.03.23-08.10.04:328][  0]LogDerivedDataCache: FDerivedDataBackendGraph:  Pak pak cache file E:/tnm061/MyProject/DerivedDataCache/DDC.ddp not found, will not use a pak cache.
[2017.03.23-08.10.04:328][  0]LogDerivedDataCache: Unable to find inner node Pak for hierarchical cache Hierarchy.
[2017.03.23-08.10.04:328][  0]LogDerivedDataCache: FDerivedDataBackendGraph:  CompressedPak pak cache file E:/tnm061/MyProject/DerivedDataCache/Compressed.ddp not found, will not use a pak cache.
[2017.03.23-08.10.04:328][  0]LogDerivedDataCache: Unable to find inner node CompressedPak for hierarchical cache Hierarchy.
[2017.03.23-08.10.04:346][  0]LogDerivedDataCache:Display: Pak cache opened for reading ../../../Engine/DerivedDataCache/Compressed.ddp.
[2017.03.23-08.10.04:359][  0]LogDerivedDataCache: Using Local data cache path C:/Users/Julius/AppData/Local/UnrealEngine/Common/DerivedDataCache: Writable
[2017.03.23-08.10.04:368][  0]LogSlate: Using Freetype 2.6.0
[2017.03.23-08.10.04:378][  0]LogSlate: SlateFontCache - WITH_FREETYPE: 1, WITH_HARFBUZZ: 1
[2017.03.23-08.10.04:378][  0]LogSlate: SlateFontCache - WITH_FREETYPE: 1, WITH_HARFBUZZ: 1
[2017.03.23-08.10.04:645][  0]LogInit: Selected Device Profile: [Windows]
[2017.03.23-08.10.04:648][  0]LogContentStreaming: Texture pool size is 0.00 MB
[2017.03.23-08.10.04:880][  0]LogMeshUtilities: Using QuadricMeshReduction for automatic static mesh reduction
[2017.03.23-08.10.04:932][  0]LogSimplygon: Simplygon DLL not present - disabling.
[2017.03.23-08.10.04:991][  0]LogMeshUtilities: Using SimplygonSwarm for distributed automatic mesh merging
[2017.03.23-08.10.04:991][  0]LogMeshUtilities: No automatic skeletal mesh reduction module available
[2017.03.23-08.10.04:991][  0]LogMeshUtilities: No automatic mesh merging module available
[2017.03.23-08.10.05:576][  0]LogNetVersion: GetLocalNetworkVersion: CL: 3299760, ProjectName: myproject, ProjectVersion: , EngineNetworkVersion: 2, GameNetworkVersion: 0, NetworkChecksum: 4136520461
[2017.03.23-08.10.05:626][  0]LogAssetRegistry: FAssetRegistry took 0.0222 seconds to start up
[2017.03.23-08.10.05:670][  0]LogPackageLocalizationCache: Processed 3 localized package path(s) for 1 prioritized culture(s) in 0.014020 seconds
[2017.03.23-08.10.05:676][  0]LogUObjectArray: 32475 objects as part of root set at end of initial load.
[2017.03.23-08.10.05:676][  0]LogUObjectAllocator: 7073360 out of 0 bytes used by permanent object pool.
[2017.03.23-08.10.05:676][  0]LogUObjectArray: CloseDisregardForGC: 0/0 objects in disregard for GC pool
[2017.03.23-08.10.05:747][  0]LogInit: WinSock: version 1.1 (2.2), MaxSocks=32767, MaxUdp=65467
[2017.03.23-08.10.07:653][  0]LogTcpMessaging: Initializing TcpMessaging bridge
[2017.03.23-08.10.07:701][  0]LogUdpMessaging: Initializing bridge on interface 0.0.0.0:0 to multicast group 230.0.0.1:6666.
[2017.03.23-08.10.08:304][  0]LogMaterial: Uniform references updated for custom material expression Custom.
[2017.03.23-08.10.08:805][  0]SourceControl: Info Source control is disabled
[2017.03.23-08.10.08:806][  0]SourceControl: Info Source control is disabled
[2017.03.23-08.10.08:867][  0]SourceControl: Info Source control is disabled
[2017.03.23-08.10.08:926][  0]SourceControl: Info Source control is disabled
[2017.03.23-08.10.10:583][  0]LogEngine: Initializing Engine...
[2017.03.23-08.10.10:584][  0]LogHMD: Failed to initialize OpenVR with code 110
[2017.03.23-08.10.10:837][  0]LogAIModule: Creating AISystem for world Untitled
[2017.03.23-08.10.10:845][  0]LogInit: XAudio2 using 'Speakers (Realtek High Definition Audio)' : 2 channels at 48 kHz using 32 bits per sample (channel mask 0x3)
[2017.03.23-08.10.10:987][  0]LogInit: FAudioDevice initialized.
[2017.03.23-08.10.11:040][  0]LogDerivedDataCache: Saved boot cache 0.05s 50MB C:/Users/Julius/AppData/Local/UnrealEngine/4.15/DerivedDataCache/Boot.ddc.
[2017.03.23-08.10.11:053][  0]LogInit: Texture streaming: Enabled
[2017.03.23-08.10.11:160][  0]LogEngineSessionManager: EngineSessionManager initialized
[2017.03.23-08.10.11:266][  0]LogInit: Transaction tracking system initialized
[2017.03.23-08.10.11:683][  0]BlueprintLog: New page: Editor Load
[2017.03.23-08.10.12:771][  0]LocalizationService: Info Localization service is disabled
[2017.03.23-08.10.13:584][  0]LogConsoleResponse:Display: 
[2017.03.23-08.10.13:712][  0]LogCook:Display: Max memory allowance for cook 16384mb min free memory 0mb
[2017.03.23-08.10.13:712][  0]LogCook:Display: Mobile HDR setting 1
[2017.03.23-08.10.14:658][  0]LogFileCache: Scanning file cache for directory 'E:/tnm061/MyProject/Content/' took 0.01s
[2017.03.23-08.10.15:050][  0]SourceControl: Info Source control is disabled
[2017.03.23-08.10.15:050][  0]Cmd: MAP LOAD FILE="E:/tnm061/MyProject/Content/FirstPersonBP/Maps/FirstPersonExampleMap.umap" TEMPLATE=0 SHOWPROGRESS=1 FEATURELEVEL=3
[2017.03.23-08.10.15:051][  0]LightingResults: New page: Lighting Build
[2017.03.23-08.10.15:099][  0]MapCheck: New page: Map Check
[2017.03.23-08.10.15:099][  0]LightingResults: New page: Lighting Build
[2017.03.23-08.10.15:580][  0]LogAIModule: Creating AISystem for world FirstPersonExampleMap
[2017.03.23-08.10.15:590][  0]LogEditorServer: Finished looking for orphan Actors (0.000 secs)
[2017.03.23-08.10.15:591][  0]Cmd: MAP CHECKDEP NOCLEARLOG
[2017.03.23-08.10.15:659][  0]MapCheck: Info Map check complete: 0 Error(s), 0 Warning(s), took 67.541ms to complete.
[2017.03.23-08.10.15:659][  0]LogFileHelpers: Loading map 'FirstPersonExampleMap' took 0.609
[2017.03.23-08.10.15:745][  0]LogWindowsTextInputMethodSystem:Display: IME system now deactivated.
[2017.03.23-08.10.15:875][  0]LogCollectionManager: Loaded 0 collections in 0.002885 seconds
[2017.03.23-08.10.15:985][  0]LogFileCache: Scanning file cache for directory 'E:/tnm061/MyProject/Saved/Collections/' took 0.01s
[2017.03.23-08.10.15:985][  0]LogFileCache: Scanning file cache for directory 'E:/tnm061/MyProject/Content/Developers/Julius/Collections/' took 0.01s
[2017.03.23-08.10.15:985][  0]LogFileCache: Scanning file cache for directory 'E:/tnm061/MyProject/Content/Collections/' took 0.01s
[2017.03.23-08.10.15:985][  0]LogCollectionManager: Rebuilt the GUID cache for 0 collections in 0.000002 seconds
[2017.03.23-08.10.15:994][  0]LogContentBrowser: Native class hierarchy populated in 0.0085 seconds. Added 2244 classes and 450 folders.
[2017.03.23-08.10.15:997][  0]LogStats: UGameplayTagsManager::ConstructGameplayTagTree: Construct from data asset -  0.000 s
[2017.03.23-08.10.15:997][  0]LogStats: UGameplayTagsManager::ConstructGameplayTagTree: GameplayTagTreeChangedEvent.Broadcast -  0.000 s
[2017.03.23-08.10.16:071][  0]LogContentBrowser: Native class hierarchy updated for 'WidgetCarousel' in 0.0006 seconds. Added 0 classes and 0 folders.
[2017.03.23-08.10.16:128][  0]LogContentBrowser: Native class hierarchy updated for 'AddContentDialog' in 0.0005 seconds. Added 0 classes and 0 folders.
[2017.03.23-08.10.16:180][  0]LogContentBrowser: Native class hierarchy updated for 'SceneOutliner' in 0.0006 seconds. Added 1 classes and 2 folders.
[2017.03.23-08.10.16:305][  0]LogCrashTracker: Crashtracker disabled due to settings.
[2017.03.23-08.10.16:312][  0]LogUObjectGlobals:Warning: Failed to find object 'Class None.'
[2017.03.23-08.10.16:400][  0]LogContentBrowser: Native class hierarchy updated for 'HierarchicalLODOutliner' in 0.0006 seconds. Added 1 classes and 2 folders.
[2017.03.23-08.10.16:400][  0]LogLoad: (Engine Initialization) Total time: 19.23 seconds
[2017.03.23-08.10.16:400][  0]LogLoad: (Engine Initialization) Total Blueprint compile time: 0.19 seconds
[2017.03.23-08.10.16:400][  0]LogExternalProfiler: No external profilers were discovered.  External profiling features will not be available.
[2017.03.23-08.10.16:409][  0]LogOcInput: OculusInput pre-init called
[2017.03.23-08.10.16:431][  0]LogContentStreaming: Texture pool size now 1000 MB
[2017.03.23-08.10.16:432][  0]LogSlate: Took 0.000296 seconds to synchronously load lazily loaded font '../../../Engine/Content/Slate/Fonts/Roboto-Regular.ttf' (155K)
[2017.03.23-08.10.16:436][  0]LogSlate: Took 0.000297 seconds to synchronously load lazily loaded font '../../../Engine/Content/Slate/Fonts/Roboto-Bold.ttf' (160K)
[2017.03.23-08.10.16:441][  0]LogSlate: Took 0.000231 seconds to synchronously load lazily loaded font '../../../Engine/Content/Editor/Slate/Fonts/FontAwesome.ttf' (139K)
[2017.03.23-08.10.16:559][  0]LogSlate: Took 0.000300 seconds to synchronously load lazily loaded font '../../../Engine/Content/Slate/Fonts/Roboto-Light.ttf' (159K)
[2017.03.23-08.10.16:611][  0]LogRenderer: Reallocating scene render targets to support 932x436 NumSamples 1 (Frame:2).
[2017.03.23-08.10.16:698][  1]LogAssetRegistry: Asset discovery search completed in 11.0947 seconds
[2017.03.23-08.10.16:698][  1]LogCollectionManager: Rebuilt the object cache for 0 collections in 0.000004 seconds (found 0 objects)
[2017.03.23-08.10.16:698][  1]LogCollectionManager: Fixed up redirectors for 0 collections in 0.000017 seconds (updated 0 objects)
[2017.03.23-08.10.18:912][207]LogSlate: Took 0.000254 seconds to synchronously load lazily loaded font '../../../Engine/Content/Slate/Fonts/Roboto-Light.ttf' (159K)
[2017.03.23-08.10.18:997][207]LogAIModule: Creating AISystem for world korridor
[2017.03.23-08.10.19:030][207]Cmd: MAP LOAD FILE="E:/tnm061/MyProject/Content/korridor.umap" TEMPLATE=0 SHOWPROGRESS=1 FEATURELEVEL=3
[2017.03.23-08.10.19:030][207]LightingResults: New page: Lighting Build
[2017.03.23-08.10.19:031][207]LoadErrors: New page: Loading map: korridor.umap
[2017.03.23-08.10.19:032][207]MapCheck: New page: Map Check
[2017.03.23-08.10.19:032][207]LightingResults: New page: Lighting Build
[2017.03.23-08.10.19:101][207]LogEditorServer: Finished looking for orphan Actors (0.000 secs)
[2017.03.23-08.10.19:120][207]Cmd: MAP CHECKDEP NOCLEARLOG
[2017.03.23-08.10.19:187][207]MapCheck: Info Map check complete: 0 Error(s), 0 Warning(s), took 67.238ms to complete.
[2017.03.23-08.10.19:188][207]LogFileHelpers: Loading map 'korridor' took 0.159
[2017.03.23-08.10.20:988][383]LogTemp: Repeting last play command: Selected Viewport
[2017.03.23-08.10.21:001][383]LogPlayLevel: PlayLevel: No blueprints needed recompiling
[2017.03.23-08.10.21:001][383]PIE: New page: PIE session: korridor (Mar 23, 2017, 10:10:21 AM)
[2017.03.23-08.10.21:001][383]LogPlayLevel: Creating play world package: /Game/UEDPIE_0_korridor
[2017.03.23-08.10.21:027][383]LogPlayLevel: PIE: StaticDuplicateObject took: (0.025979s)
[2017.03.23-08.10.21:028][383]LogAIModule: Creating AISystem for world korridor
[2017.03.23-08.10.21:028][383]LogPlayLevel: PIE: World Init took: (0.000696s)
[2017.03.23-08.10.21:028][383]LogPlayLevel: PIE: Created PIE world by copying editor world from /Game/korridor.korridor to /Game/UEDPIE_0_korridor.korridor (0.026953s)
[2017.03.23-08.10.21:042][383]LogInit: XAudio2 using 'Speakers (Realtek High Definition Audio)' : 2 channels at 48 kHz using 32 bits per sample (channel mask 0x3)
[2017.03.23-08.10.21:049][383]LogInit: FAudioDevice initialized.
[2017.03.23-08.10.21:098][383]LogLoad: Game class is 'FirstPersonGameMode_C'
[2017.03.23-08.10.21:107][383]LogWorld: Bringing World /Game/UEDPIE_0_korridor.korridor up for play (max tick rate 0) at 2017.03.23-09.10.21
[2017.03.23-08.10.21:108][383]LogWorld: Bringing up level for play took: 0.005905
[2017.03.23-08.10.21:176][383]LogContentBrowser: Native class hierarchy updated for 'MovieSceneCapture' in 0.0006 seconds. Added 11 classes and 0 folders.
[2017.03.23-08.10.21:179][383]PIE: Info Play in editor start time for /Game/UEDPIE_0_korridor -0.203
[2017.03.23-08.10.54:041][460]LogTemp: Repeting last play command: Selected Viewport
[2017.03.23-08.10.54:058][460]LogPlayLevel: PlayLevel: No blueprints needed recompiling
[2017.03.23-08.10.54:058][460]PIE: New page: PIE session: korridor (Mar 23, 2017, 10:10:54 AM)
[2017.03.23-08.10.54:058][460]LogPlayLevel: Creating play world package: /Game/UEDPIE_0_korridor
[2017.03.23-08.10.54:098][460]LogPlayLevel: PIE: StaticDuplicateObject took: (0.039534s)
[2017.03.23-08.10.54:098][460]LogAIModule: Creating AISystem for world korridor
[2017.03.23-08.10.54:099][460]LogPlayLevel: PIE: World Init took: (0.000899s)
[2017.03.23-08.10.54:099][460]LogPlayLevel: PIE: Created PIE world by copying editor world from /Game/korridor.korridor to /Game/UEDPIE_0_korridor.korridor (0.040736s)
[2017.03.23-08.10.54:115][460]LogInit: XAudio2 using 'Speakers (Realtek High Definition Audio)' : 2 channels at 48 kHz using 32 bits per sample (channel mask 0x3)
[2017.03.23-08.10.54:127][460]LogInit: FAudioDevice initialized.
[2017.03.23-08.10.54:167][460]LogLoad: Game class is 'FirstPersonGameMode_C'
[2017.03.23-08.10.54:178][460]LogWorld: Bringing World /Game/UEDPIE_0_korridor.korridor up for play (max tick rate 0) at 2017.03.23-09.10.54
[2017.03.23-08.10.54:178][460]LogWorld: Bringing up level for play took: 0.008081
[2017.03.23-08.10.54:184][460]PIE: Info Play in editor start time for /Game/UEDPIE_0_korridor 0.802
[2017.03.23-08.14.27:487][895]LogHttp:Warning: 0000020A02081A80: request failed, libcurl error: 6 (Couldn't resolve host name)
[2017.03.23-08.14.27:487][895]LogHttp:Warning: 0000020A02081A80: libcurl info message cache 0 (Found bundle for host datarouter.ol.epicgames.com: 0x20a0be63f28 [can pipeline])
[2017.03.23-08.14.27:487][895]LogHttp:Warning: 0000020A02081A80: libcurl info message cache 1 (Connection 1 seems to be dead!)
[2017.03.23-08.14.27:487][895]LogHttp:Warning: 0000020A02081A80: libcurl info message cache 2 (Closing connection 1)
[2017.03.23-08.14.27:487][895]LogHttp:Warning: 0000020A02081A80: libcurl info message cache 3 (TLSv1.2 (OUT), TLS alert, Client hello (1):)
[2017.03.23-08.14.27:487][895]LogHttp:Warning: 0000020A02081A80: libcurl info message cache 4 (Could not resolve host: datarouter.ol.epicgames.com)
[2017.03.23-08.14.27:487][895]LogHttp:Warning: 0000020A02081A80: libcurl info message cache 5 (Closing connection 2)
[2017.03.23-08.15.50:575][134]LogEditorViewport: Clicking on Actor (LMB): BP_Sky_Sphere_C (Sky Sphere2)
[2017.03.23-08.16.13:149][742]LogEditorViewport: Clicking on Actor (LMB): BP_Sky_Sphere_C (Sky Sphere2)
[2017.03.23-08.17.39:371][526]LogEditorViewport: Clicking on Actor (LMB): PlayerStart (PlayerStart)
[2017.03.23-08.17.40:229][601]Cmd: DELETE
[2017.03.23-08.17.40:229][601]Cmd: ACTOR DELETE
[2017.03.23-08.17.40:233][601]LogEditorActor: Deleted Actor: PlayerStart
[2017.03.23-08.17.40:244][601]LogEditorActor: Deleted 1 Actors (0.013 secs)
[2017.03.23-08.21.29:877][862]LogSlate: Took 0.000283 seconds to synchronously load lazily loaded font '../../../Engine/Content/Slate/Fonts/Roboto-Light.ttf' (159K)
[2017.03.23-08.21.38:984][889]Cmd: OBJ SAVEPACKAGE PACKAGE="/Game/korridor" FILE="E:/tnm061/MyProject/Saved/Autosaves/Game/korridor_Auto1.umap" SILENT=true AUTOSAVING=true KEEPDIRTY=false
[2017.03.23-08.21.39:241][889]LogSavePackage: Save=244.52ms
[2017.03.23-08.21.39:241][889]LogSavePackage: Moving 'E:/tnm061/MyProject/Saved/korridor_Auto1A1DA5E634C712B465F0328BBF88B467E.tmp' to 'E:/tnm061/MyProject/Saved/Autosaves/Game/korridor_Auto1.umap'
[2017.03.23-08.21.39:242][889]LogSavePackage:Display: Finished SavePackage E:/tnm061/MyProject/Saved/Autosaves/Game/korridor_Auto1.umap
[2017.03.23-08.21.39:247][889]LogFileHelpers: Editor autosave (incl. sublevels) for '/Game/korridor' took 0.283
[2017.03.23-08.21.39:247][889]LogFileHelpers: Editor autosave (incl. sublevels) for all levels took 0.283
[2017.03.23-08.23.00:593][837]Cmd: DELETE
[2017.03.23-08.23.00:593][837]Cmd: ACTOR DELETE
[2017.03.23-08.23.00:596][837]LogEditorActor: Deleted Actor: Emitter
[2017.03.23-08.23.00:608][837]LogEditorActor: Deleted 1 Actors (0.014 secs)
[2017.03.23-08.23.09:121][728]Cmd: DELETE
[2017.03.23-08.23.09:121][728]Cmd: ACTOR DELETE
[2017.03.23-08.23.09:124][728]LogEditorActor: Deleted Actor: Emitter
[2017.03.23-08.23.09:134][728]LogEditorActor: Deleted 1 Actors (0.012 secs)
[2017.03.23-08.23.45:145][886]LogTemp: Repeting last play command: Selected Viewport
[2017.03.23-08.23.45:157][886]LogPlayLevel: PlayLevel: No blueprints needed recompiling
[2017.03.23-08.23.45:157][886]PIE: New page: PIE session: korridor (Mar 23, 2017, 10:23:45 AM)
[2017.03.23-08.23.45:157][886]LogPlayLevel: Creating play world package: /Game/UEDPIE_0_korridor
[2017.03.23-08.23.45:188][886]LogPlayLevel: PIE: StaticDuplicateObject took: (0.031101s)
[2017.03.23-08.23.45:189][886]LogAIModule: Creating AISystem for world korridor
[2017.03.23-08.23.45:189][886]LogPlayLevel: PIE: World Init took: (0.000751s)
[2017.03.23-08.23.45:189][886]LogPlayLevel: PIE: Created PIE world by copying editor world from /Game/korridor.korridor to /Game/UEDPIE_0_korridor.korridor (0.032116s)
[2017.03.23-08.23.45:200][886]LogInit: XAudio2 using 'Speakers (Realtek High Definition Audio)' : 2 channels at 48 kHz using 32 bits per sample (channel mask 0x3)
[2017.03.23-08.23.45:207][886]LogInit: FAudioDevice initialized.
[2017.03.23-08.23.45:242][886]LogLoad: Game class is 'FirstPersonGameMode_C'
[2017.03.23-08.23.45:249][886]LogWorld: Bringing World /Game/UEDPIE_0_korridor.korridor up for play (max tick rate 0) at 2017.03.23-09.23.45
[2017.03.23-08.23.45:251][886]LogWorld: Bringing up level for play took: 0.006644
[2017.03.23-08.23.45:255][886]PIE: Info Play in editor start time for /Game/UEDPIE_0_korridor -0.126
[2017.03.23-08.24.10:694][146]LogTemp: Repeting last play command: Selected Viewport
[2017.03.23-08.24.10:708][146]LogPlayLevel: PlayLevel: No blueprints needed recompiling
[2017.03.23-08.24.10:708][146]PIE: New page: PIE session: korridor (Mar 23, 2017, 10:24:10 AM)
[2017.03.23-08.24.10:708][146]LogPlayLevel: Creating play world package: /Game/UEDPIE_0_korridor
[2017.03.23-08.24.10:739][146]LogPlayLevel: PIE: StaticDuplicateObject took: (0.031697s)
[2017.03.23-08.24.10:740][146]LogAIModule: Creating AISystem for world korridor
[2017.03.23-08.24.10:740][146]LogPlayLevel: PIE: World Init took: (0.000670s)
[2017.03.23-08.24.10:740][146]LogPlayLevel: PIE: Created PIE world by copying editor world from /Game/korridor.korridor to /Game/UEDPIE_0_korridor.korridor (0.032691s)
[2017.03.23-08.24.10:752][146]LogInit: XAudio2 using 'Speakers (Realtek High Definition Audio)' : 2 channels at 48 kHz using 32 bits per sample (channel mask 0x3)
[2017.03.23-08.24.10:760][146]LogInit: FAudioDevice initialized.
[2017.03.23-08.24.10:800][146]LogLoad: Game class is 'FirstPersonGameMode_C'
[2017.03.23-08.24.10:812][146]LogWorld: Bringing World /Game/UEDPIE_0_korridor.korridor up for play (max tick rate 0) at 2017.03.23-09.24.10
[2017.03.23-08.24.10:814][146]LogWorld: Bringing up level for play took: 0.010016
[2017.03.23-08.24.10:820][146]PIE: Info Play in editor start time for /Game/UEDPIE_0_korridor -0.562
[2017.03.23-08.25.34:495][830]LogEditorViewport: Clicking on Actor (LMB): Emitter (P_Steam_Lit)
[2017.03.23-08.25.35:658][930]Cmd: DELETE
[2017.03.23-08.25.35:658][930]Cmd: ACTOR DELETE
[2017.03.23-08.25.35:661][930]LogEditorActor: Deleted Actor: Emitter
[2017.03.23-08.25.35:676][930]LogEditorActor: Deleted 1 Actors (0.018 secs)
[2017.03.23-08.25.37:711][107]LogEditorViewport: Clicking on Actor (LMB): Emitter (P_Explosion)
[2017.03.23-08.25.39:105][230]Cmd: DELETE
[2017.03.23-08.25.39:105][230]Cmd: ACTOR DELETE
[2017.03.23-08.25.39:109][230]LogEditorActor: Deleted Actor: Emitter
[2017.03.23-08.25.39:130][230]LogEditorActor: Deleted 1 Actors (0.024 secs)
[2017.03.23-08.25.40:617][379]LogEditorViewport: Clicking on Actor (LMB): Emitter (P_Sparks)
[2017.03.23-08.25.42:267][530]Cmd: DELETE
[2017.03.23-08.25.42:267][530]Cmd: ACTOR DELETE
[2017.03.23-08.25.42:270][530]LogEditorActor: Deleted Actor: Emitter
[2017.03.23-08.25.42:289][530]LogEditorActor: Deleted 1 Actors (0.022 secs)
[2017.03.23-08.27.52:029][369]LogEditorViewport: Clicking on Actor (LMB): BP_Sky_Sphere_C (Sky Sphere2)
[2017.03.23-08.27.53:069][477]LogEditorViewport: Clicking on Actor (LMB): BP_Sky_Sphere_C (Sky Sphere2)
[2017.03.23-08.29.05:890][653]LogSlate: Took 0.008046 seconds to synchronously load lazily loaded font '../../../Engine/Content/Editor/Slate/Fonts/Roboto-Italic.ttf' (157K)
[2017.03.23-08.29.11:032][870]Cmd: OBJ SAVEPACKAGE PACKAGE="/Game/korridor" FILE="E:/tnm061/MyProject/Content/korridor.umap" SILENT=true AUTOSAVING=false KEEPDIRTY=false
[2017.03.23-08.29.11:277][870]LogSavePackage: Save=224.86ms
[2017.03.23-08.29.11:277][870]LogSavePackage: Moving 'E:/tnm061/MyProject/Saved/korridor72A8C26D4ADDA73851D23CA0CAEF4709.tmp' to 'E:/tnm061/MyProject/Content/korridor.umap'
[2017.03.23-08.29.11:284][870]LogSavePackage:Display: Finished SavePackage E:/tnm061/MyProject/Content/korridor.umap
[2017.03.23-08.29.11:311][870]LogFileHelpers: Saving map 'korridor' took 0.363
[2017.03.23-08.29.11:598][871]Cmd: QUIT_EDITOR
[2017.03.23-08.29.12:702][871]LogWindowsTextInputMethodSystem:Display: IME system now deactivated.
[2017.03.23-08.29.12:759][871]LogExit: Preparing to exit.
[2017.03.23-08.29.13:478][871]LogExit: Editor shut down
[2017.03.23-08.29.13:478][871]LogExit: Transaction tracking system shut down
[2017.03.23-08.29.13:548][871]LogObj: Freed 0b from 0 cluster array pools.
[2017.03.23-08.29.13:548][871]LogExit: Object subsystem successfully closed.
[2017.03.23-08.29.13:576][871]LogD3D11RHI: Shutdown
[2017.03.23-08.29.13:576][871]LogD3D11RHI: CleanupD3DDevice
[2017.03.23-08.29.13:711][871]LogD3D11RHI: ~FD3D11DynamicRHI
[2017.03.23-08.29.13:736][871]LogModuleManager: Shutting down and abandoning module MovieSceneCapture (498)
[2017.03.23-08.29.13:736][871]LogModuleManager: Shutting down and abandoning module HierarchicalLODOutliner (496)
[2017.03.23-08.29.13:736][871]LogModuleManager: Shutting down and abandoning module CrashTracker (494)
[2017.03.23-08.29.13:736][871]LogModuleManager: Shutting down and abandoning module SceneOutliner (492)
[2017.03.23-08.29.13:736][871]LogModuleManager: Shutting down and abandoning module AddContentDialog (490)
[2017.03.23-08.29.13:737][871]LogDirectoryWatcher: A directory notification for 'C:/Program Files/Epic Games/UE_4.15/FeaturePacks/' was aborted.
[2017.03.23-08.29.13:738][871]LogModuleManager: Shutting down and abandoning module WidgetCarousel (489)
[2017.03.23-08.29.13:738][871]LogModuleManager: Shutting down and abandoning module EditorWidgets (486)
[2017.03.23-08.29.13:738][871]LogModuleManager: Shutting down and abandoning module CollectionManager (484)
[2017.03.23-08.29.13:738][871]LogDirectoryWatcher: A directory notification for 'E:/tnm061/MyProject/Content/Collections/' was aborted.
[2017.03.23-08.29.13:738][871]LogDirectoryWatcher: A directory notification for 'E:/tnm061/MyProject/Content/Developers/Julius/Collections/' was aborted.
[2017.03.23-08.29.13:738][871]LogDirectoryWatcher: A directory notification for 'E:/tnm061/MyProject/Saved/Collections/' was aborted.
[2017.03.23-08.29.13:738][871]LogModuleManager: Shutting down and abandoning module StatsViewer (482)
[2017.03.23-08.29.13:738][871]LogModuleManager: Shutting down and abandoning module FoliageEdit (480)
[2017.03.23-08.29.13:738][871]LogModuleManager: Shutting down and abandoning module LandscapeEditor (478)
[2017.03.23-08.29.13:738][871]LogModuleManager: Shutting down and abandoning module SceneDepthPickerMode (476)
[2017.03.23-08.29.13:738][871]LogModuleManager: Shutting down and abandoning module ActorPickerMode (474)
[2017.03.23-08.29.13:738][871]LogModuleManager: Shutting down and abandoning module GeometryMode (472)
[2017.03.23-08.29.13:738][871]LogModuleManager: Shutting down and abandoning module TextureAlignMode (470)
[2017.03.23-08.29.13:738][871]LogModuleManager: Shutting down and abandoning module BspMode (468)
[2017.03.23-08.29.13:738][871]LogModuleManager: Shutting down and abandoning module HardwareSurvey (466)
[2017.03.23-08.29.13:738][871]LogModuleManager: Shutting down and abandoning module SequenceRecorderSections (464)
[2017.03.23-08.29.13:738][871]LogModuleManager: Shutting down and abandoning module AutomationWorker (462)
[2017.03.23-08.29.13:738][871]LogModuleManager: Shutting down and abandoning module MatineeToLevelSequence (460)
[2017.03.23-08.29.13:738][871]LogModuleManager: Shutting down and abandoning module LevelSequenceEditor (458)
[2017.03.23-08.29.13:738][871]LogModuleManager: Shutting down and abandoning module PlacementMode (457)
[2017.03.23-08.29.13:738][871]LogModuleManager: Shutting down and abandoning module WmfMediaFactory (454)
[2017.03.23-08.29.13:738][871]LogModuleManager: Shutting down and abandoning module WmfMediaEditor (452)
[2017.03.23-08.29.13:738][871]LogModuleManager: Shutting down and abandoning module MfMediaFactory (450)
[2017.03.23-08.29.13:738][871]LogModuleManager: Shutting down and abandoning module MfMediaEditor (448)
[2017.03.23-08.29.13:738][871]LogModuleManager: Shutting down and abandoning module AvfMediaFactory (446)
[2017.03.23-08.29.13:738][871]LogModuleManager: Shutting down and abandoning module AvfMediaEditor (444)
[2017.03.23-08.29.13:738][871]LogModuleManager: Shutting down and abandoning module AndroidMediaFactory (442)
[2017.03.23-08.29.13:738][871]LogModuleManager: Shutting down and abandoning module Media (441)
[2017.03.23-08.29.13:738][871]LogModuleManager: Shutting down and abandoning module AndroidMediaEditor (438)
[2017.03.23-08.29.13:738][871]LogModuleManager: Shutting down and abandoning module CharacterAI (436)
[2017.03.23-08.29.13:739][871]LogModuleManager: Shutting down and abandoning module AudioCapture (434)
[2017.03.23-08.29.13:739][871]LogModuleManager: Shutting down and abandoning module SequenceRecorder (433)
[2017.03.23-08.29.13:739][871]LogModuleManager: Shutting down and abandoning module SmartSnapping (430)
[2017.03.23-08.29.13:739][871]LogModuleManager: Shutting down and abandoning module SessionServices (428)
[2017.03.23-08.29.13:739][871]LogModuleManager: Shutting down and abandoning module ViewportSnapping (426)
[2017.03.23-08.29.13:739][871]LogModuleManager: Shutting down and abandoning module ViewportInteraction (424)
[2017.03.23-08.29.13:739][871]LogModuleManager: Shutting down and abandoning module LogVisualizer (422)
[2017.03.23-08.29.13:739][871]LogModuleManager: Shutting down and abandoning module IntroTutorials (420)
[2017.03.23-08.29.13:739][871]LogModuleManager: Shutting down and abandoning module GameProjectGeneration (419)
[2017.03.23-08.29.13:739][871]LogModuleManager: Shutting down and abandoning module EditorLiveStreaming (416)
[2017.03.23-08.29.13:739][871]LogModuleManager: Shutting down and abandoning module IOSPlatformEditor (414)
[2017.03.23-08.29.13:739][871]LogModuleManager: Shutting down and abandoning module HTML5PlatformEditor (412)
[2017.03.23-08.29.13:739][871]LogModuleManager: Shutting down and abandoning module AndroidPlatformEditor (410)
[2017.03.23-08.29.13:739][871]LogModuleManager: Shutting down and abandoning module AndroidDeviceDetection (409)
[2017.03.23-08.29.14:664][871]LogModuleManager: Shutting down and abandoning module IOSRuntimeSettings (406)
[2017.03.23-08.29.14:664][871]LogModuleManager: Shutting down and abandoning module AndroidRuntimeSettings (404)
[2017.03.23-08.29.14:664][871]LogModuleManager: Shutting down and abandoning module InputBindingEditor (402)
[2017.03.23-08.29.14:664][871]LogModuleManager: Shutting down and abandoning module NiagaraEditor (400)
[2017.03.23-08.29.14:664][871]LogModuleManager: Shutting down and abandoning module MergeActors (398)
[2017.03.23-08.29.14:664][871]LogModuleManager: Shutting down and abandoning module SizeMap (396)
[2017.03.23-08.29.14:664][871]LogModuleManager: Shutting down and abandoning module TreeMap (394)
[2017.03.23-08.29.14:664][871]LogModuleManager: Shutting down and abandoning module ReferenceViewer (392)
[2017.03.23-08.29.14:664][871]LogModuleManager: Shutting down and abandoning module LocalizationDashboard (390)
[2017.03.23-08.29.14:664][871]LogModuleManager: Shutting down and abandoning module LocalizationService (389)
[2017.03.23-08.29.14:664][871]LogModuleManager: Shutting down and abandoning module HardwareTargeting (386)
[2017.03.23-08.29.14:664][871]LogModuleManager: Shutting down and abandoning module DeviceProfileEditor (384)
[2017.03.23-08.29.14:664][871]LogModuleManager: Shutting down and abandoning module UndoHistory (382)
[2017.03.23-08.29.14:664][871]LogModuleManager: Shutting down and abandoning module UserFeedback (380)
[2017.03.23-08.29.14:664][871]LogModuleManager: Shutting down and abandoning module XmlParser (378)
[2017.03.23-08.29.14:664][871]LogModuleManager: Shutting down and abandoning module Blutility (376)
[2017.03.23-08.29.14:664][871]LogModuleManager: Shutting down and abandoning module ProjectSettingsViewer (374)
[2017.03.23-08.29.14:664][871]LogModuleManager: Shutting down and abandoning module ProjectTargetPlatformEditor (373)
[2017.03.23-08.29.14:665][871]LogModuleManager: Shutting down and abandoning module EditorSettingsViewer (370)
[2017.03.23-08.29.14:665][871]LogModuleManager: Shutting down and abandoning module SettingsEditor (368)
[2017.03.23-08.29.14:665][871]LogModuleManager: Shutting down and abandoning module ProjectLauncher (366)
[2017.03.23-08.29.14:665][871]LogModuleManager: Shutting down and abandoning module SessionFrontend (364)
[2017.03.23-08.29.14:665][871]LogModuleManager: Shutting down and abandoning module ProfilerClient (362)
[2017.03.23-08.29.14:665][871]LogModuleManager: Shutting down and abandoning module DeviceManager (360)
[2017.03.23-08.29.14:665][871]LogModuleManager: Shutting down and abandoning module TargetDeviceServices (359)
[2017.03.23-08.29.14:709][871]LogModuleManager: Shutting down and abandoning module AutomationController (356)
[2017.03.23-08.29.14:709][871]LogModuleManager: Shutting down and abandoning module AutomationWindow (354)
[2017.03.23-08.29.14:709][871]LogModuleManager: Shutting down and abandoning module Layers (352)
[2017.03.23-08.29.14:709][871]LogModuleManager: Shutting down and abandoning module ComponentVisualizers (350)
[2017.03.23-08.29.14:709][871]LogModuleManager: Shutting down and abandoning module DetailCustomizations (348)
[2017.03.23-08.29.14:709][871]LogModuleManager: Shutting down and abandoning module PackagesDialog (346)
[2017.03.23-08.29.14:709][871]LogModuleManager: Shutting down and abandoning module Persona (344)
[2017.03.23-08.29.14:709][871]LogModuleManager: Shutting down and abandoning module AnimGraph (343)
[2017.03.23-08.29.14:709][871]LogModuleManager: Shutting down and abandoning module Kismet (340)
[2017.03.23-08.29.14:710][871]LogModuleManager: Shutting down and abandoning module GraphEditor (338)
[2017.03.23-08.29.14:710][871]LogModuleManager: Shutting down and abandoning module ClassViewer (336)
[2017.03.23-08.29.14:710][871]LogModuleManager: Shutting down and abandoning module Toolbox (334)
[2017.03.23-08.29.14:710][871]LogModuleManager: Shutting down and abandoning module ModuleUI (332)
[2017.03.23-08.29.14:710][871]LogModuleManager: Shutting down and abandoning module MovieSceneTools (330)
[2017.03.23-08.29.14:710][871]LogModuleManager: Shutting down and abandoning module OutputLog (328)
[2017.03.23-08.29.14:710][871]LogModuleManager: Shutting down and abandoning module GammaUI (326)
[2017.03.23-08.29.14:710][871]LogModuleManager: Shutting down and abandoning module Documentation (324)
[2017.03.23-08.29.14:710][871]LogModuleManager: Shutting down and abandoning module Niagara (322)
[2017.03.23-08.29.14:710][871]LogModuleManager: Shutting down and abandoning module StreamingPauseRendering (320)
[2017.03.23-08.29.14:710][871]LogModuleManager: Shutting down and abandoning module AnalyticsET (318)
[2017.03.23-08.29.14:710][871]LogModuleManager: Shutting down and abandoning module PortalServices (316)
[2017.03.23-08.29.14:710][871]LogModuleManager: Shutting down and abandoning module PortalRpc (314)
[2017.03.23-08.29.14:710][871]LogModuleManager: Shutting down and abandoning module MessagingRpc (312)
[2017.03.23-08.29.14:710][871]LogModuleManager: Shutting down and abandoning module AIModule (310)
[2017.03.23-08.29.14:710][871]LogModuleManager: Shutting down and abandoning module GameplayDebugger (309)
[2017.03.23-08.29.14:710][871]LogModuleManager: Shutting down and abandoning module AITestSuite (307)
[2017.03.23-08.29.14:710][871]LogModuleManager: Shutting down and abandoning module ProfilerService (304)
[2017.03.23-08.29.14:794][871]LogModuleManager: Shutting down and abandoning module TaskGraph (302)
[2017.03.23-08.29.14:794][871]LogModuleManager: Shutting down and abandoning module SteamVRController (300)
[2017.03.23-08.29.14:794][871]LogModuleManager: Shutting down and abandoning module SteamVR (298)
[2017.03.23-08.29.14:794][871]LogModuleManager: Shutting down and abandoning module ProceduralMeshComponentEditor (296)
[2017.03.23-08.29.14:794][871]LogModuleManager: Shutting down and abandoning module ProceduralMeshComponent (294)
[2017.03.23-08.29.14:794][871]LogModuleManager: Shutting down and abandoning module OculusLibrary (292)
[2017.03.23-08.29.14:794][871]LogModuleManager: Shutting down and abandoning module OculusInput (290)
[2017.03.23-08.29.14:794][871]LogModuleManager: Shutting down and abandoning module MobilePatchingUtils (288)
[2017.03.23-08.29.14:794][871]LogModuleManager: Shutting down and abandoning module CustomMeshComponent (286)
[2017.03.23-08.29.14:794][871]LogModuleManager: Shutting down and abandoning module CableComponent (284)
[2017.03.23-08.29.14:794][871]LogModuleManager: Shutting down and abandoning module ArchVisCharacter (282)
[2017.03.23-08.29.14:794][871]LogModuleManager: Shutting down and abandoning module MediaPlayerEditor (278)
[2017.03.23-08.29.14:794][871]LogModuleManager: Shutting down and abandoning module HTML5Networking (276)
[2017.03.23-08.29.14:794][871]LogModuleManager: Shutting down and abandoning module AlembicImporter (274)
[2017.03.23-08.29.14:794][871]LogModuleManager: Shutting down and abandoning module AlembicLibrary (273)
[2017.03.23-08.29.14:794][871]LogModuleManager: Shutting down and abandoning module GeometryCache (272)
[2017.03.23-08.29.14:794][871]LogModuleManager: Shutting down and abandoning module GeometryCacheEd (271)
[2017.03.23-08.29.14:794][871]LogModuleManager: Shutting down and abandoning module SuperSearchEditor (266)
[2017.03.23-08.29.14:794][871]LogModuleManager: Shutting down and abandoning module SuperSearch (265)
[2017.03.23-08.29.14:794][871]LogModuleManager: Shutting down and abandoning module SpeedTreeImporter (262)
[2017.03.23-08.29.14:794][871]LogModuleManager: Shutting down and abandoning module PluginBrowser (260)
[2017.03.23-08.29.14:794][871]LogModuleManager: Shutting down and abandoning module MobileLauncherProfileWizard (258)
[2017.03.23-08.29.14:794][871]LogModuleManager: Shutting down and abandoning module EpicSurvey (256)
[2017.03.23-08.29.14:794][871]LogModuleManager: Shutting down and abandoning module VisualStudioSourceCodeAccess (254)
[2017.03.23-08.29.14:794][871]LogModuleManager: Shutting down and abandoning module DesktopPlatform (253)
[2017.03.23-08.29.14:794][871]LogModuleManager: Shutting down and abandoning module UObjectPlugin (250)
[2017.03.23-08.29.14:794][871]LogModuleManager: Shutting down and abandoning module SubversionSourceControl (248)
[2017.03.23-08.29.14:795][871]LogModuleManager: Shutting down and abandoning module PerforceSourceControl (246)
[2017.03.23-08.29.14:795][871]LogModuleManager: Shutting down and abandoning module GitSourceControl (244)
[2017.03.23-08.29.14:795][871]LogModuleManager: Shutting down and abandoning module SourceControl (243)
[2017.03.23-08.29.14:795][871]LogModuleManager: Shutting down and abandoning module LightPropagationVolumeEditor (240)
[2017.03.23-08.29.14:795][871]LogModuleManager: Shutting down and abandoning module PaperTiledImporter (238)
[2017.03.23-08.29.14:795][871]LogModuleManager: Shutting down and abandoning module PaperSpriteSheetImporter (236)
[2017.03.23-08.29.14:795][871]LogModuleManager: Shutting down and abandoning module Paper2DEditor (234)
[2017.03.23-08.29.14:795][871]LogModuleManager: Shutting down and abandoning module MeshPaint (233)
[2017.03.23-08.29.14:795][871]LogModuleManager: Shutting down and abandoning module LevelEditor (231)
[2017.03.23-08.29.14:795][871]LogModuleManager: Shutting down and abandoning module PixelInspectorModule (230)
[2017.03.23-08.29.14:795][871]LogModuleManager: Shutting down and abandoning module MainFrame (228)
[2017.03.23-08.29.14:795][871]LogModuleManager: Shutting down and abandoning module HotReload (227)
[2017.03.23-08.29.14:797][871]LogModuleManager: Shutting down and abandoning module ContentBrowser (223)
[2017.03.23-08.29.14:798][871]LogModuleManager: Shutting down and abandoning module PhysXVehiclesEditor (220)
[2017.03.23-08.29.14:798][871]LogModuleManager: Shutting down and abandoning module PhysXVehicles (218)
[2017.03.23-08.29.14:798][871]LogModuleManager: Shutting down and abandoning module LocationServicesBPLibrary (216)
[2017.03.23-08.29.14:798][871]LogModuleManager: Shutting down and abandoning module UdpMessaging (214)
[2017.03.23-08.29.14:899][871]LogModuleManager: Shutting down and abandoning module TcpMessaging (212)
[2017.03.23-08.29.15:000][871]LogModuleManager: Shutting down and abandoning module GameplayTagsEditor (210)
[2017.03.23-08.29.15:000][871]LogModuleManager: Shutting down and abandoning module FacialAnimationEditor (208)
[2017.03.23-08.29.15:000][871]LogModuleManager: Shutting down and abandoning module FacialAnimation (206)
[2017.03.23-08.29.15:000][871]LogModuleManager: Shutting down and abandoning module LightPropagationVolumeRuntime (204)
[2017.03.23-08.29.15:000][871]LogModuleManager: Shutting down and abandoning module Paper2D (202)
[2017.03.23-08.29.15:000][871]LogModuleManager: Shutting down and abandoning module WindowsMoviePlayer (200)
[2017.03.23-08.29.15:000][871]LogModuleManager: Shutting down and abandoning module WmfMedia (198)
[2017.03.23-08.29.15:000][871]LogModuleManager: Shutting down and abandoning module MfMedia (196)
[2017.03.23-08.29.15:000][871]LogModuleManager: Shutting down and abandoning module MediaAssets (194)
[2017.03.23-08.29.15:000][871]LogModuleManager: Shutting down and abandoning module GameLiveStreaming (192)
[2017.03.23-08.29.15:000][871]LogModuleManager: Shutting down and abandoning module VREditor (190)
[2017.03.23-08.29.15:000][871]LogModuleManager: Shutting down and abandoning module GameplayTasksEditor (188)
[2017.03.23-08.29.15:000][871]LogModuleManager: Shutting down and abandoning module BehaviorTreeEditor (186)
[2017.03.23-08.29.15:000][871]LogModuleManager: Shutting down and abandoning module FunctionalTesting (184)
[2017.03.23-08.29.15:000][871]LogModuleManager: Shutting down and abandoning module CollisionAnalyzer (182)
[2017.03.23-08.29.15:000][871]LogModuleManager: Shutting down and abandoning module UMG (180)
[2017.03.23-08.29.15:000][871]LogModuleManager: Shutting down and abandoning module UMGEditor (179)
[2017.03.23-08.29.15:000][871]LogModuleManager: Shutting down and abandoning module Sequencer (178)
[2017.03.23-08.29.15:000][871]LogModuleManager: Shutting down and abandoning module AssetTools (176)
[2017.03.23-08.29.15:000][871]LogModuleManager: Shutting down and abandoning module MessageLog (175)
[2017.03.23-08.29.15:000][871]LogModuleManager: Shutting down and abandoning module WorkspaceMenuStructure (174)
[2017.03.23-08.29.15:000][871]LogModuleManager: Shutting down and abandoning module SlateReflector (168)
[2017.03.23-08.29.15:000][871]LogModuleManager: Shutting down and abandoning module Slate (166)
[2017.03.23-08.29.15:000][871]LogModuleManager: Shutting down and abandoning module EditorStyle (164)
[2017.03.23-08.29.15:003][871]LogModuleManager: Shutting down and abandoning module SourceCodeAccess (162)
[2017.03.23-08.29.15:003][871]LogModuleManager: Shutting down and abandoning module HeadMountedDisplay (160)
[2017.03.23-08.29.15:003][871]LogModuleManager: Shutting down and abandoning module XAudio2 (158)
[2017.03.23-08.29.15:004][871]LogModuleManager: Shutting down and abandoning module Networking (156)
[2017.03.23-08.29.15:004][871]LogModuleManager: Shutting down and abandoning module Core (152)
[2017.03.23-08.29.15:004][871]LogModuleManager: Shutting down and abandoning module AssetRegistry (150)
[2017.03.23-08.29.15:207][871]LogDirectoryWatcher: A directory notification for '../../../Engine/Content/' was aborted.
[2017.03.23-08.29.15:208][871]LogDirectoryWatcher: A directory notification for 'E:/tnm061/MyProject/Content/' was aborted.
[2017.03.23-08.29.15:208][871]LogDirectoryWatcher: A directory notification for '../../../Engine/Plugins/2D/Paper2D/Content/' was aborted.
[2017.03.23-08.29.15:208][871]LogModuleManager: Shutting down and abandoning module DirectoryWatcher (149)
[2017.03.23-08.29.15:208][871]LogModuleManager: Shutting down and abandoning module KismetCompiler (146)
[2017.03.23-08.29.15:208][871]LogModuleManager: Shutting down and abandoning module PhysXFormats (144)
[2017.03.23-08.29.15:208][871]LogModuleManager: Shutting down and abandoning module MeshUtilities (142)
[2017.03.23-08.29.15:208][871]LogModuleManager: Shutting down and abandoning module SimplygonSwarm (141)
[2017.03.23-08.29.15:208][871]LogModuleManager: Shutting down and abandoning module SimplygonMeshReduction (139)
[2017.03.23-08.29.15:208][871]LogModuleManager: Shutting down and abandoning module QuadricMeshReduction (137)
[2017.03.23-08.29.15:208][871]LogModuleManager: Shutting down and abandoning module PropertyEditor (135)
[2017.03.23-08.29.15:208][871]LogModuleManager: Shutting down and abandoning module DerivedDataCache (132)
[2017.03.23-08.29.15:232][871]LogDerivedDataCache: Shutdown
[2017.03.23-08.29.15:232][871]LogModuleManager: Shutting down and abandoning module TargetPlatform (130)
[2017.03.23-08.29.15:232][871]LogModuleManager: Shutting down and abandoning module VulkanShaderFormat (129)
[2017.03.23-08.29.15:232][871]LogModuleManager: Shutting down and abandoning module ShaderFormatOpenGL (127)
[2017.03.23-08.29.15:232][871]LogModuleManager: Shutting down and abandoning module ShaderFormatD3D (125)
[2017.03.23-08.29.15:232][871]LogModuleManager: Shutting down and abandoning module MetalShaderFormat (123)
[2017.03.23-08.29.15:232][871]LogModuleManager: Shutting down and abandoning module TextureFormatUncompressed (121)
[2017.03.23-08.29.15:232][871]LogModuleManager: Shutting down and abandoning module TextureFormatPVR (119)
[2017.03.23-08.29.15:232][871]LogModuleManager: Shutting down and abandoning module TextureFormatDXT (117)
[2017.03.23-08.29.15:232][871]LogModuleManager: Shutting down and abandoning module TextureFormatIntelISPCTexComp (115)
[2017.03.23-08.29.15:232][871]LogModuleManager: Shutting down and abandoning module TextureFormatASTC (113)
[2017.03.23-08.29.15:232][871]LogModuleManager: Shutting down and abandoning module ImageWrapper (112)
[2017.03.23-08.29.15:232][871]LogModuleManager: Shutting down and abandoning module TextureFormatAndroid (109)
[2017.03.23-08.29.15:232][871]LogModuleManager: Shutting down and abandoning module AudioFormatOpus (107)
[2017.03.23-08.29.15:232][871]LogModuleManager: Shutting down and abandoning module AudioFormatOgg (105)
[2017.03.23-08.29.15:232][871]LogModuleManager: Shutting down and abandoning module AudioFormatADPCM (103)
[2017.03.23-08.29.15:232][871]LogModuleManager: Shutting down and abandoning module LinuxTargetPlatform (101)
[2017.03.23-08.29.15:232][871]LogModuleManager: Shutting down and abandoning module LinuxServerTargetPlatform (99)
[2017.03.23-08.29.15:232][871]LogModuleManager: Shutting down and abandoning module LinuxNoEditorTargetPlatform (97)
[2017.03.23-08.29.15:232][871]LogModuleManager: Shutting down and abandoning module LinuxClientTargetPlatform (95)
[2017.03.23-08.29.15:232][871]LogModuleManager: Shutting down and abandoning module TVOSTargetPlatform (93)
[2017.03.23-08.29.15:232][871]LogModuleManager: Shutting down and abandoning module Messaging (91)
[2017.03.23-08.29.15:232][871]LogModuleManager: Shutting down and abandoning module IOSTargetPlatform (89)
[2017.03.23-08.29.15:232][871]LogModuleManager: Shutting down and abandoning module HTML5TargetPlatform (87)
[2017.03.23-08.29.15:232][871]LogModuleManager: Shutting down and abandoning module Android_PVRTCTargetPlatform (85)
[2017.03.23-08.29.15:233][871]LogModuleManager: Shutting down and abandoning module Android_MultiTargetPlatform (83)
[2017.03.23-08.29.15:233][871]LogModuleManager: Shutting down and abandoning module Android_ETC2TargetPlatform (81)
[2017.03.23-08.29.15:233][871]LogModuleManager: Shutting down and abandoning module Android_ETC1TargetPlatform (79)
[2017.03.23-08.29.15:233][871]LogModuleManager: Shutting down and abandoning module Android_DXTTargetPlatform (77)
[2017.03.23-08.29.15:233][871]LogModuleManager: Shutting down and abandoning module Android_ATCTargetPlatform (75)
[2017.03.23-08.29.15:233][871]LogModuleManager: Shutting down and abandoning module Android_ASTCTargetPlatform (73)
[2017.03.23-08.29.15:233][871]LogModuleManager: Shutting down and abandoning module AndroidTargetPlatform (71)
[2017.03.23-08.29.15:233][871]LogModuleManager: Shutting down and abandoning module WindowsTargetPlatform (69)
[2017.03.23-08.29.15:233][871]LogModuleManager: Shutting down and abandoning module WindowsServerTargetPlatform (67)
[2017.03.23-08.29.15:233][871]LogModuleManager: Shutting down and abandoning module WindowsNoEditorTargetPlatform (65)
[2017.03.23-08.29.15:233][871]LogModuleManager: Shutting down and abandoning module WindowsClientTargetPlatform (63)
[2017.03.23-08.29.15:233][871]LogModuleManager: Shutting down and abandoning module MacTargetPlatform (61)
[2017.03.23-08.29.15:233][871]LogModuleManager: Shutting down and abandoning module MacServerTargetPlatform (59)
[2017.03.23-08.29.15:233][871]LogModuleManager: Shutting down and abandoning module MacNoEditorTargetPlatform (57)
[2017.03.23-08.29.15:233][871]LogModuleManager: Shutting down and abandoning module MacClientTargetPlatform (55)
[2017.03.23-08.29.15:233][871]LogModuleManager: Shutting down and abandoning module AllDesktopTargetPlatform (53)
[2017.03.23-08.29.15:233][871]LogModuleManager: Shutting down and abandoning module InputCore (50)
[2017.03.23-08.29.15:233][871]LogModuleManager: Shutting down and abandoning module Settings (48)
[2017.03.23-08.29.15:233][871]LogModuleManager: Shutting down and abandoning module OculusRift (46)
[2017.03.23-08.29.15:233][871]LogModuleManager: Shutting down and abandoning module ExampleDeviceProfileSelector (44)
[2017.03.23-08.29.15:233][871]LogModuleManager: Shutting down and abandoning module OnlineBlueprintSupport (42)
[2017.03.23-08.29.15:233][871]LogModuleManager: Shutting down and abandoning module OnlineSubsystem (38)
[2017.03.23-08.29.15:233][871]LogOnline:Display: Unloading online subsystem: NULL
[2017.03.23-08.29.15:233][871]LogModuleManager: Shutting down and abandoning module XMPP (37)
[2017.03.23-08.29.15:233][871]LogModuleManager: Shutting down and abandoning module HTTP (35)
[2017.03.23-08.29.15:233][871]LogHttp:Display: Http module shutting down, but needs to wait on 1 outstanding Http requests:
[2017.03.23-08.29.15:233][871]LogHttp:Display: 	verb=[POST] url=[https://datarouter.ol.epicgames.com/datarouter/api/v1/public/data?SessionID=%7B14442D51-4739-8D4B-47D7-9BA293B2EECB%7D&AppID=UEEditor.Rocket.Release&AppVersion=4.15.0-3299760%2B%2B%2BUE4%2BRelease-4.15&UserID=328ae43546b9a891827d26a8b7077986%7C9a7ab1038563467086738a1790146d47%7Cdc685290-dea5-4383-b6f8-543a22cfaaa1&AppEnvironment=datacollector-binary&UploadType=eteventstream] status=Processing
[2017.03.23-08.29.15:258][871]LogModuleManager: Shutting down and abandoning module SSL (34)
[2017.03.23-08.29.15:259][871]LogModuleManager: Shutting down and abandoning module AudioEditor (30)
[2017.03.23-08.29.15:259][871]LogModuleManager: Shutting down and abandoning module TextureCompressor (28)
[2017.03.23-08.29.15:259][871]LogModuleManager: Shutting down and abandoning module ShaderCore (26)
[2017.03.23-08.29.15:259][871]LogModuleManager: Shutting down and abandoning module Landscape (24)
[2017.03.23-08.29.15:259][871]LogModuleManager: Shutting down and abandoning module SlateRHIRenderer (22)
[2017.03.23-08.29.15:261][871]LogModuleManager: Shutting down and abandoning module OpenGLDrv (20)
[2017.03.23-08.29.15:261][871]LogModuleManager: Shutting down and abandoning module D3D11RHI (18)
[2017.03.23-08.29.15:261][871]LogModuleManager: Shutting down and abandoning module AnimGraphRuntime (16)
[2017.03.23-08.29.15:261][871]LogModuleManager: Shutting down and abandoning module Renderer (14)
[2017.03.23-08.29.15:261][871]LogModuleManager: Shutting down and abandoning module Engine (12)
[2017.03.23-08.29.15:261][871]LogModuleManager: Shutting down and abandoning module CoreUObject (10)
[2017.03.23-08.29.15:261][871]LogModuleManager: Shutting down and abandoning module NetworkFile (8)
[2017.03.23-08.29.15:261][871]LogModuleManager: Shutting down and abandoning module StreamingFile (6)
[2017.03.23-08.29.15:261][871]LogModuleManager: Shutting down and abandoning module SandboxFile (4)
[2017.03.23-08.29.15:261][871]LogModuleManager: Shutting down and abandoning module PakFile (2)
[2017.03.23-08.29.15:263][871]LogExit: Exiting.
[2017.03.23-08.29.15:264][871]Log file closed, 03/23/17 09:29:15
